Arguments: 
  C:\Program Files\nodejs\node.exe C:\Program Files (x86)\Yarn\bin\yarn.js install

PATH: 
  C:\Users\candy\AppData\Roaming\npm;C:\Program Files\nodejs\;C:\Python27\;C:\Python27\Scripts;C:\Program Files (x86)\Common Files\Oracle\Java\javapath;C:\Program Files (x86)\Intel\Intel(R) Management Engine Components\iCLS\;C:\Program Files\Intel\Intel(R) Management Engine Components\iCLS\;C:\Windows\system32;C:\Windows;C:\Windows\System32\Wbem;C:\Windows\System32\WindowsPowerShell\v1.0\;C:\Windows\System32\OpenSSH\;C:\Program Files (x86)\Intel\Intel(R) Management Engine Components\DAL;C:\Program Files\Intel\Intel(R) Management Engine Components\DAL;C:\Program Files (x86)\Intel\Intel(R) Management Engine Components\IPT;C:\Program Files\Intel\Intel(R) Management Engine Components\IPT;C:\Program Files (x86)\NVIDIA Corporation\PhysX\Common;C:\Program Files\dotnet\;C:\Program Files\Microsoft SQL Server\130\Tools\Binn\;C:\Program Files\Intel\WiFi\bin\;C:\Program Files\Common Files\Intel\WirelessCommon\;C:\Program Files\nodejs\;C:\ProgramData\chocolatey\bin;C:\Program Files (x86)\Yarn\bin\;C:\Program Files\Microsoft SQL Server\Client SDK\ODBC\130\Tools\Binn\;C:\Program Files (x86)\Microsoft SQL Server\140\Tools\Binn\;C:\Program Files\Microsoft SQL Server\140\Tools\Binn\;C:\Program Files\Microsoft SQL Server\140\DTS\Binn\;C:\Program Files (x86)\Microsoft SQL Server\150\DTS\Binn\;C:\Users\candy\AppData\Local\Microsoft\WindowsApps;C:\Users\candy\AppData\Roaming\npm;C:\Users\candy\AppData\Local\Programs\Microsoft VS Code\bin;C:\Users\candy\AppData\Local\Yarn\bin;C:\Users\candy\AppData\Local\Programs\Fiddler

Yarn version: 
  1.16.0

Node version: 
  12.4.0

Platform: 
  win32 x64

Trace: 
  Error: getaddrinfo ENOTFOUND artifactory.noa.com
      at GetAddrInfoReqWrap.onlookup [as oncomplete] (dns.js:60:26)

npm manifest: 
  {
    "name": "lotcheck-ui",
    "version": "1.0.10",
    "private": true,
    "scripts": {
      "dev": "webpack --mode development",
      "build": "webpack --mode production",
      "start": "webpack-dev-server --mode development --open --port 3000",
      "lint": "eslint . --ext .ts,tsx --max-warnings 0",
      "lintfix": "eslint . --ext .ts,tsx --fix ",
      "test": "jest --coverage",
      "tsc": "tsc",
      "build-rpm": "node build-rpm.js",
      "release": "release-it -n",
      "rename-build": "renamer -v --replace lotcheck dist",
      "write-version-file": "node create-version-json.js"
    },
    "dependencies": {
  
      "react": "~16.8.1",
      "react-dom": "~16.8.1",
      "react-dropzone": "~10.1.0",
      "react-loading": "~2.0.3",
      "react-localization": "^1.0.13",
      "react-modal": "~3.8.1",
      "react-router-dom": "~4.3.1",
      "react-table": "~6.9.2",
      "react-toastify": "~4.5.2",
      "yup": "~0.26.10"
    },
    "devDependencies": {
      "@babel/core": "~7.2.2",
      "@babel/plugin-proposal-class-properties": "~7.3.0",
      "@babel/preset-env": "~7.3.1",
      "@babel/preset-react": "~7.0.0",
      "@babel/preset-typescript": "~7.1.0",
      "@testing-library/react": "^8.0.4",
      "@types/fetch-mock": "~7.2.3",
      "@types/jest": "~23.3.13",
      "@types/moment-timezone": "~0.5.10",
      "@types/node": "~10.12.21",
      "@types/react": "~16.8.2",
      "@types/react-dom": "~16.8.0",
      "@types/react-dropzone": "~4.2.2",
      "@types/react-modal": "~3.8.1",
      "@types/react-router-dom": "~4.3.1",
      "@types/react-table": "^6.7.22",
      "@types/react-test-renderer": "~16.8.0",
      "@types/yup": "~0.26.10",
      "@typescript-eslint/eslint-plugin": "~1.2.0",
      "@typescript-eslint/parser": "~1.2.0",
      "babel-core": "~7.0.0-bridge.0",
      "babel-eslint": "~10.0.1",
      "babel-loader": "^8.0.6",
      "css-loader": "~2.1.0",
      "eslint-plugin-react-extra": "~0.1.0",
      "fetch-mock": "~7.3.0",
      "file-loader": "~3.0.1",
      "html-loader": "~0.5.5",
      "html-webpack-plugin": "~3.2.0",
      "identity-obj-proxy": "~3.0.0",
      "jest": "23.6.0",
      "jest-teamcity-reporter": "~0.9.0",
      "lodash-webpack-plugin": "~0.11.5",
      "mini-css-extract-plugin": "~0.5.0",
      "node-sass": "^4.12.0",
      "optimize-css-assets-webpack-plugin": "~5.0.1",
      "postcss-loader": "^2.1.5",
      "prettier": "~1.16.4",
      "react-mock-router": "~1.0.15",
      "release-it": "^2.5.4",
      "renamer": "~1.1.1",
      "rpm-builder": "~1.0.0",
      "sass-loader": "^7.0.3",
      "style-loader": "^0.21.0",
      "terser-webpack-plugin": "~1.2.2",
      "ts-jest": "~23.10.5",
      "typescript": "~3.2.1",
      "url-loader": "~1.1.2",
      "webpack": "~4.28.4",
      "webpack-bundle-analyzer": "~3.0.3",
      "webpack-cli": "~3.2.1",
      "webpack-dev-server": "~3.1.14"
    },
    "jest": {
      "preset": "ts-jest",
      "moduleFileExtensions": [
        "ts",
        "tsx",
        "js",
        "jsx"
      ],
      "moduleNameMapper": {
        "\\.scss": "identity-obj-proxy",
        "\\.(jpg|jpeg|png|gif|eot|otf|webp|svg|ttf|woff|woff2|mp4|webm|wav|mp3|m4a|aac|oga)$": "<rootDir>/__mocks__/fileMock.js"
      },
      "testMatch": [
        "**/__tests__/**/*.test.+(ts|tsx)"
      ],
      "transform": {
        "^.+\\.jsx?$": "babel-jest"
      },
      "transformIgnorePatterns": [],
      "collectCoverageFrom": [
        "src/js/**/*.ts",
        "src/js/**/*.tsx"
      ],
      "testResultsProcessor": "jest-teamcity-reporter"
    },
    "description": "Install nodejs\r Install yarn",
    "main": "babel.config.js",
    "repository": "https://bitbucket.noa.com/scm/tptm/lotcheck-ui.git",
    "author": "",
    "license": "ISC"
  }

yarn manifest: 
  No manifest

Lockfile: 
  No lockfile
